#
# A fatal error has been detected by the Java Runtime Environment:
#
#  SIGSEGV (0xb) at pc=0x0000000000000000, pid=29204, tid=775
#
# JRE version: Java(TM) SE Runtime Environment (13.0.1+9) (build 13.0.1+9)
# Java VM: Java HotSpot(TM) 64-Bit Server VM (13.0.1+9, mixed mode, sharing, tiered, compressed oops, g1 gc, bsd-amd64)
# Problematic frame:
# C  0x0000000000000000
#
# No core dump will be written. Core dumps have been disabled. To enable core dumping, try "ulimit -c unlimited" before starting Java again
#
# If you would like to submit a bug report, please visit:
#   http://bugreport.java.com/bugreport/crash.jsp
# The crash happened outside the Java Virtual Machine in native code.
# See problematic frame for where to report the bug.
#

---------------  S U M M A R Y ------------

Command Line: -Djava.library.path=lib -javaagent:/Applications/IntelliJ IDEA.app/Contents/lib/idea_rt.jar=58843:/Applications/IntelliJ IDEA.app/Contents/bin -Dfile.encoding=UTF-8 fr.rphstudio.chess.launcher.MainLauncher

Host: MacBookPro14,1 x86_64 2300 MHz, 4 cores, 8G, Darwin 19.0.0
Time: Wed Dec  4 00:21:02 2019 CET elapsed time: 1 seconds (0d 0h 0m 1s)

---------------  T H R E A D  ---------------

Current thread (0x00007fad188b6000):  JavaThread "AppKit Thread" daemon [_thread_in_native, id=775, stack(0x00007ffee53b5000,0x00007ffee5bb5000)]

Stack: [0x00007ffee53b5000,0x00007ffee5bb5000],  sp=0x00007ffee5bb07f8,  free space=8173k

siginfo: si_signo: 11 (SIGSEGV), si_code: 1 (SEGV_MAPERR), si_addr: 0x0000000000000000

Register to memory mapping:

RAX=0x00007fad19945c88 points into unknown readable memory: 01 00 00 00 00 00 00 00
RBX=0x00007fad1a0000f0 points into unknown readable memory: 70 a2 fc 17 ad 7f 00 00
RCX=0x0 is NULL
RDX=0x0000000000000003 is an unknown value
RSP=0x00007ffee5bb07f8 is pointing into the stack for thread: 0x00007fad188b6000
RBP=0x00007ffee5bb0830 is pointing into the stack for thread: 0x00007fad188b6000
RSI=0x0000000000000005 is an unknown value
RDI=0x00007fad17fca270 points into unknown readable memory: 00 18 00 19 ad 7f 00 00
R8 =0x0 is NULL
R9 =0x0 is NULL
R10=0x00007fad1a0001f0 points into unknown readable memory: 00 00 00 00 00 00 00 00
R11=0x00007fad1a0001e8 points into unknown readable memory: 00 00 00 00 00 00 00 00
R12=0x0000000000000003 is an unknown value
R13=0x0 is NULL
R14=0x00007fad19945c00 points into unknown readable memory: 88 5c 94 19 ad 7f 00 00
R15=0x00007fad19945cd8 points into unknown readable memory: f0 00 00 1a ad 7f 00 00


Registers:
RAX=0x00007fad19945c88, RBX=0x00007fad1a0000f0, RCX=0x0000000000000000, RDX=0x0000000000000003
RSP=0x00007ffee5bb07f8, RBP=0x00007ffee5bb0830, RSI=0x0000000000000005, RDI=0x00007fad17fca270
R8 =0x0000000000000000, R9 =0x0000000000000000, R10=0x00007fad1a0001f0, R11=0x00007fad1a0001e8
R12=0x0000000000000003, R13=0x0000000000000000, R14=0x00007fad19945c00, R15=0x00007fad19945cd8
RIP=0x0000000000000000, EFLAGS=0x0000000000010206, ERR=0x0000000000000014
  TRAPNO=0x000000000000000e

Top of Stack: (sp=0x00007ffee5bb07f8)
0x00007ffee5bb07f8:   00007fff44b01c6e 00007ffee5bb0a20
0x00007ffee5bb0808:   0000000000000002 00007fad1a0004b0
0x00007ffee5bb0818:   00007ffee5bb09a0 00007fad19945c00
0x00007ffee5bb0828:   00007ffee5bb0a20 00007ffee5bb0b40
0x00007ffee5bb0838:   00007fff44c374dd 00007ffe00000000
0x00007ffee5bb0848:   0000000000000002 000000010a065000
0x00007ffee5bb0858:   00007fad17f00000 00000000e5bb08a0
0x00007ffee5bb0868:   00007fad17fd24e0 00007ffee5bb08f0
0x00007ffee5bb0878:   00007fad19945c00 00007fad198f50a8
0x00007ffee5bb0888:   0000000000000002 00000000000000e8
0x00007ffee5bb0898:   00007fff3bcd1d39 00007fff3bcd1d56
0x00007ffee5bb08a8:   00007fff3bcd1d39 00007ffee5bb0908
0x00007ffee5bb08b8:   01007fff00000001 8485e181b484003b
0x00007ffee5bb08c8:   0000000000000005 00007fad17fd2220
0x00007ffee5bb08d8:   0000000000000000 0000000600000007
0x00007ffee5bb08e8:   00007ffee5bb0908 00007ffee5bb0940
0x00007ffee5bb08f8:   00007fff3b99bf5f 00007ffee5bb0940
0x00007ffee5bb0908:   0000000000000000 8485e181b484003b
0x00007ffee5bb0918:   0000000000000005 00007fff7a7326d0
0x00007ffee5bb0928:   0000000000000000 0000000000000006
0x00007ffee5bb0938:   0000000000000000 0000000000000002
0x00007ffee5bb0948:   0000000000000002 00007fad19945c00
0x00007ffee5bb0958:   00007fad1a0001c0 0000000000000000
0x00007ffee5bb0968:   7ff0000000000000 0000000000000000
0x00007ffee5bb0978:   0000000000000000 0000000000000000
0x00007ffee5bb0988:   0000000000000000 00007fad17d39290
0x00007ffee5bb0998:   00007fff7a738d5c 00007fad1a100170
0x00007ffee5bb09a8:   00007fad1a0001c0 00007fff7a72d585
0x00007ffee5bb09b8:   00007fad17d84710 0000000600000007
0x00007ffee5bb09c8:   00007fff37199803 000007fad17f7c88
0x00007ffee5bb09d8:   00007fad17f7c860 0000000000000020
0x00007ffee5bb09e8:   0000000000000002 000000010a068a00 

Instructions: (pc=0x0000000000000000)
0xffffffffffffff00:   


Stack slot to memory mapping:
stack at sp + 0 slots: 0x00007fff44b01c6e: _ZN2CA11Transaction19run_commit_handlersE18CATransactionPhase+0x64 in /System/Library/Frameworks/QuartzCore.framework/Versions/A/QuartzCore at 0x00007fff44aff000
stack at sp + 1 slots: 0x00007ffee5bb0a20 is pointing into the stack for thread: 0x00007fad188b6000
stack at sp + 2 slots: 0x0000000000000002 is an unknown value
stack at sp + 3 slots: 0x00007fad1a0004b0 points into unknown readable memory: 02 00 00 00 00 40 00 00
stack at sp + 4 slots: 0x00007ffee5bb09a0 is pointing into the stack for thread: 0x00007fad188b6000
stack at sp + 5 slots: 0x00007fad19945c00 points into unknown readable memory: 88 5c 94 19 ad 7f 00 00
stack at sp + 6 slots: 0x00007ffee5bb0a20 is pointing into the stack for thread: 0x00007fad188b6000
stack at sp + 7 slots: 0x00007ffee5bb0b40 is pointing into the stack for thread: 0x00007fad188b6000


---------------  P R O C E S S  ---------------

Threads class SMR info:
_java_thread_list=0x00007fad17e58250, length=13, elements={
0x00007fad19001800, 0x00007fad18806800, 0x00007fad18807800, 0x00007fad180b0000,
0x00007fad19003800, 0x00007fad19808800, 0x00007fad19013000, 0x00007fad19026000,
0x00007fad19809800, 0x00007fad198ef800, 0x00007fad188b6000, 0x00007fad19937000,
0x00007fad18190800
}

Java Threads: ( => current thread )
  0x00007fad19001800 JavaThread "main" [_thread_in_native, id=5891, stack(0x000070000a5c1000,0x000070000a6c1000)]
  0x00007fad18806800 JavaThread "Reference Handler" daemon [_thread_blocked, id=18435, stack(0x000070000acd6000,0x000070000add6000)]
  0x00007fad18807800 JavaThread "Finalizer" daemon [_thread_blocked, id=14851, stack(0x000070000add9000,0x000070000aed9000)]
  0x00007fad180b0000 JavaThread "Signal Dispatcher" daemon [_thread_blocked, id=21763, stack(0x000070000afe2000,0x000070000b0e2000)]
  0x00007fad19003800 JavaThread "C2 CompilerThread0" daemon [_thread_blocked, id=22275, stack(0x000070000b0e5000,0x000070000b1e5000)]
  0x00007fad19808800 JavaThread "C1 CompilerThread0" daemon [_thread_blocked, id=42499, stack(0x000070000b1e8000,0x000070000b2e8000)]
  0x00007fad19013000 JavaThread "Sweeper thread" daemon [_thread_blocked, id=41987, stack(0x000070000b2eb000,0x000070000b3eb000)]
  0x00007fad19026000 JavaThread "Common-Cleaner" daemon [_thread_blocked, id=41731, stack(0x000070000b3ee000,0x000070000b4ee000)]
  0x00007fad19809800 JavaThread "Monitor Ctrl-Break" daemon [_thread_in_native, id=23555, stack(0x000070000b4f1000,0x000070000b5f1000)]
  0x00007fad198ef800 JavaThread "Service Thread" daemon [_thread_blocked, id=41219, stack(0x000070000b5f4000,0x000070000b6f4000)]
=>0x00007fad188b6000 JavaThread "AppKit Thread" daemon [_thread_in_native, id=775, stack(0x00007ffee53b5000,0x00007ffee5bb5000)]
  0x00007fad19937000 JavaThread "AWT-Shutdown" [_thread_blocked, id=33539, stack(0x000070000b87d000,0x000070000b97d000)]
  0x00007fad18190800 JavaThread "Attach Listener" daemon [_thread_blocked, id=57123, stack(0x000070000bb09000,0x000070000bc09000)]

Other Threads:
  0x00007fad18806000 VMThread "VM Thread" [stack: 0x000070000abd3000,0x000070000acd3000] [id=19203]
  0x00007fad18817800 WatcherThread [stack: 0x000070000b6f7000,0x000070000b7f7000] [id=40963]
  0x00007fad1802c000 GCTaskThread "GC Thread#0" [stack: 0x000070000a6c4000,0x000070000a7c4000] [id=12035]
  0x00007fad1803d000 ConcurrentGCThread "G1 Main Marker" [stack: 0x000070000a7c7000,0x000070000a8c7000] [id=12291]
  0x00007fad18805000 ConcurrentGCThread "G1 Conc#0" [stack: 0x000070000a8ca000,0x000070000a9ca000] [id=20483]
  0x00007fad1808e000 ConcurrentGCThread "G1 Refine#0" [stack: 0x000070000a9cd000,0x000070000aacd000] [id=20227]
  0x00007fad1808e800 ConcurrentGCThread "G1 Young RemSet Sampling" [stack: 0x000070000aad0000,0x000070000abd0000] [id=13059]

Threads with active compile tasks:

VM state:not at safepoint (normal execution)

VM Mutex/Monitor currently owned by a thread: None

Heap address: 0x0000000780000000, size: 2048 MB, Compressed Oops mode: Zero based, Oop shift amount: 3
Narrow klass base: 0x0000000800000000, Narrow klass shift: 3
Compressed class space size: 1073741824 Address: 0x0000000800ae0000

Heap:
 garbage-first heap   total 133120K, used 5880K [0x0000000780000000, 0x0000000800000000)
  region size 1024K, 6 young (6144K), 0 survivors (0K)
 Metaspace       used 3113K, capacity 5444K, committed 5760K, reserved 1056768K
  class space    used 286K, capacity 515K, committed 640K, reserved 1048576K
Heap Regions: E=young(eden), S=young(survivor), O=old, HS=humongous(starts), HC=humongous(continues), CS=collection set, F=free, A=archive, TAMS=top-at-mark-start (previous, next)
|   0|0x0000000780000000, 0x0000000780000000, 0x0000000780100000|  0%| F|  |TAMS 0x0000000780000000, 0x0000000780000000| Untracked 
|   1|0x0000000780100000, 0x0000000780100000, 0x0000000780200000|  0%| F|  |TAMS 0x0000000780100000, 0x0000000780100000| Untracked 
|   2|0x0000000780200000, 0x0000000780200000, 0x0000000780300000|  0%| F|  |TAMS 0x0000000780200000, 0x0000000780200000| Untracked 
|   3|0x0000000780300000, 0x0000000780300000, 0x0000000780400000|  0%| F|  |TAMS 0x0000000780300000, 0x0000000780300000| Untracked 
|   4|0x0000000780400000, 0x0000000780400000, 0x0000000780500000|  0%| F|  |TAMS 0x0000000780400000, 0x0000000780400000| Untracked 
|   5|0x0000000780500000, 0x0000000780500000, 0x0000000780600000|  0%| F|  |TAMS 0x0000000780500000, 0x0000000780500000| Untracked 
|   6|0x0000000780600000, 0x0000000780600000, 0x0000000780700000|  0%| F|  |TAMS 0x0000000780600000, 0x0000000780600000| Untracked 
|   7|0x0000000780700000, 0x0000000780700000, 0x0000000780800000|  0%| F|  |TAMS 0x0000000780700000, 0x0000000780700000| Untracked 
|   8|0x0000000780800000, 0x0000000780800000, 0x0000000780900000|  0%| F|  |TAMS 0x0000000780800000, 0x0000000780800000| Untracked 
|   9|0x0000000780900000, 0x0000000780900000, 0x0000000780a00000|  0%| F|  |TAMS 0x0000000780900000, 0x0000000780900000| Untracked 
|  10|0x0000000780a00000, 0x0000000780a00000, 0x0000000780b00000|  0%| F|  |TAMS 0x0000000780a00000, 0x0000000780a00000| Untracked 
|  11|0x0000000780b00000, 0x0000000780b00000, 0x0000000780c00000|  0%| F|  |TAMS 0x0000000780b00000, 0x0000000780b00000| Untracked 
|  12|0x0000000780c00000, 0x0000000780c00000, 0x0000000780d00000|  0%| F|  |TAMS 0x0000000780c00000, 0x0000000780c00000| Untracked 
|  13|0x0000000780d00000, 0x0000000780d00000, 0x0000000780e00000|  0%| F|  |TAMS 0x0000000780d00000, 0x0000000780d00000| Untracked 
|  14|0x0000000780e00000, 0x0000000780e00000, 0x0000000780f00000|  0%| F|  |TAMS 0x0000000780e00000, 0x0000000780e00000| Untracked 
|  15|0x0000000780f00000, 0x0000000780f00000, 0x0000000781000000|  0%| F|  |TAMS 0x0000000780f00000, 0x0000000780f00000| Untracked 
|  16|0x0000000781000000, 0x0000000781000000, 0x0000000781100000|  0%| F|  |TAMS 0x0000000781000000, 0x0000000781000000| Untracked 
|  17|0x0000000781100000, 0x0000000781100000, 0x0000000781200000|  0%| F|  |TAMS 0x0000000781100000, 0x0000000781100000| Untracked 
|  18|0x0000000781200000, 0x0000000781200000, 0x0000000781300000|  0%| F|  |TAMS 0x0000000781200000, 0x0000000781200000| Untracked 
|  19|0x0000000781300000, 0x0000000781300000, 0x0000000781400000|  0%| F|  |TAMS 0x0000000781300000, 0x0000000781300000| Untracked 
|  20|0x0000000781400000, 0x0000000781400000, 0x0000000781500000|  0%| F|  |TAMS 0x0000000781400000, 0x0000000781400000| Untracked 
|  21|0x0000000781500000, 0x0000000781500000, 0x0000000781600000|  0%| F|  |TAMS 0x0000000781500000, 0x0000000781500000| Untracked 
|  22|0x0000000781600000, 0x0000000781600000, 0x0000000781700000|  0%| F|  |TAMS 0x0000000781600000, 0x0000000781600000| Untracked 
|  23|0x0000000781700000, 0x0000000781700000, 0x0000000781800000|  0%| F|  |TAMS 0x0000000781700000, 0x0000000781700000| Untracked 
|  24|0x0000000781800000, 0x0000000781800000, 0x0000000781900000|  0%| F|  |TAMS 0x0000000781800000, 0x0000000781800000| Untracked 
|  25|0x0000000781900000, 0x0000000781900000, 0x0000000781a00000|  0%| F|  |TAMS 0x0000000781900000, 0x0000000781900000| Untracked 
|  26|0x0000000781a00000, 0x0000000781a00000, 0x0000000781b00000|  0%| F|  |TAMS 0x0000000781a00000, 0x0000000781a00000| Untracked 
|  27|0x0000000781b00000, 0x0000000781b00000, 0x0000000781c00000|  0%| F|  |TAMS 0x0000000781b00000, 0x0000000781b00000| Untracked 
|  28|0x0000000781c00000, 0x0000000781c00000, 0x0000000781d00000|  0%| F|  |TAMS 0x0000000781c00000, 0x0000000781c00000| Untracked 
|  29|0x0000000781d00000, 0x0000000781d00000, 0x0000000781e00000|  0%| F|  |TAMS 0x0000000781d00000, 0x0000000781d00000| Untracked 
|  30|0x0000000781e00000, 0x0000000781e00000, 0x0000000781f00000|  0%| F|  |TAMS 0x0000000781e00000, 0x0000000781e00000| Untracked 
|  31|0x0000000781f00000, 0x0000000781f00000, 0x0000000782000000|  0%| F|  |TAMS 0x0000000781f00000, 0x0000000781f00000| Untracked 
|  32|0x0000000782000000, 0x0000000782000000, 0x0000000782100000|  0%| F|  |TAMS 0x0000000782000000, 0x0000000782000000| Untracked 
|  33|0x0000000782100000, 0x0000000782100000, 0x0000000782200000|  0%| F|  |TAMS 0x0000000782100000, 0x0000000782100000| Untracked 
|  34|0x0000000782200000, 0x0000000782200000, 0x0000000782300000|  0%| F|  |TAMS 0x0000000782200000, 0x0000000782200000| Untracked 
|  35|0x0000000782300000, 0x0000000782300000, 0x0000000782400000|  0%| F|  |TAMS 0x0000000782300000, 0x0000000782300000| Untracked 
|  36|0x0000000782400000, 0x0000000782400000, 0x0000000782500000|  0%| F|  |TAMS 0x0000000782400000, 0x0000000782400000| Untracked 
|  37|0x0000000782500000, 0x0000000782500000, 0x0000000782600000|  0%| F|  |TAMS 0x0000000782500000, 0x0000000782500000| Untracked 
|  38|0x0000000782600000, 0x0000000782600000, 0x0000000782700000|  0%| F|  |TAMS 0x0000000782600000, 0x0000000782600000| Untracked 
|  39|0x0000000782700000, 0x0000000782700000, 0x0000000782800000|  0%| F|  |TAMS 0x0000000782700000, 0x0000000782700000| Untracked 
|  40|0x0000000782800000, 0x0000000782800000, 0x0000000782900000|  0%| F|  |TAMS 0x0000000782800000, 0x0000000782800000| Untracked 
|  41|0x0000000782900000, 0x0000000782900000, 0x0000000782a00000|  0%| F|  |TAMS 0x0000000782900000, 0x0000000782900000| Untracked 
|  42|0x0000000782a00000, 0x0000000782a00000, 0x0000000782b00000|  0%| F|  |TAMS 0x0000000782a00000, 0x0000000782a00000| Untracked 
|  43|0x0000000782b00000, 0x0000000782b00000, 0x0000000782c00000|  0%| F|  |TAMS 0x0000000782b00000, 0x0000000782b00000| Untracked 
|  44|0x0000000782c00000, 0x0000000782c00000, 0x0000000782d00000|  0%| F|  |TAMS 0x0000000782c00000, 0x0000000782c00000| Untracked 
|  45|0x0000000782d00000, 0x0000000782d00000, 0x0000000782e00000|  0%| F|  |TAMS 0x0000000782d00000, 0x0000000782d00000| Untracked 
|  46|0x0000000782e00000, 0x0000000782e00000, 0x0000000782f00000|  0%| F|  |TAMS 0x0000000782e00000, 0x0000000782e00000| Untracked 
|  47|0x0000000782f00000, 0x0000000782f00000, 0x0000000783000000|  0%| F|  |TAMS 0x0000000782f00000, 0x0000000782f00000| Untracked 
|  48|0x0000000783000000, 0x0000000783000000, 0x0000000783100000|  0%| F|  |TAMS 0x0000000783000000, 0x0000000783000000| Untracked 
|  49|0x0000000783100000, 0x0000000783100000, 0x0000000783200000|  0%| F|  |TAMS 0x0000000783100000, 0x0000000783100000| Untracked 
|  50|0x0000000783200000, 0x0000000783200000, 0x0000000783300000|  0%| F|  |TAMS 0x0000000783200000, 0x0000000783200000| Untracked 
|  51|0x0000000783300000, 0x0000000783300000, 0x0000000783400000|  0%| F|  |TAMS 0x0000000783300000, 0x0000000783300000| Untracked 
|  52|0x0000000783400000, 0x0000000783400000, 0x0000000783500000|  0%| F|  |TAMS 0x0000000783400000, 0x0000000783400000| Untracked 
|  53|0x0000000783500000, 0x0000000783500000, 0x0000000783600000|  0%| F|  |TAMS 0x0000000783500000, 0x0000000783500000| Untracked 
|  54|0x0000000783600000, 0x0000000783600000, 0x0000000783700000|  0%| F|  |TAMS 0x0000000783600000, 0x0000000783600000| Untracked 
|  55|0x0000000783700000, 0x0000000783700000, 0x0000000783800000|  0%| F|  |TAMS 0x0000000783700000, 0x0000000783700000| Untracked 
|  56|0x0000000783800000, 0x0000000783800000, 0x0000000783900000|  0%| F|  |TAMS 0x0000000783800000, 0x0000000783800000| Untracked 
|  57|0x0000000783900000, 0x0000000783900000, 0x0000000783a00000|  0%| F|  |TAMS 0x0000000783900000, 0x0000000783900000| Untracked 
|  58|0x0000000783a00000, 0x0000000783a00000, 0x0000000783b00000|  0%| F|  |TAMS 0x0000000783a00000, 0x0000000783a00000| Untracked 
|  59|0x0000000783b00000, 0x0000000783b00000, 0x0000000783c00000|  0%| F|  |TAMS 0x0000000783b00000, 0x0000000783b00000| Untracked 
|  60|0x0000000783c00000, 0x0000000783c00000, 0x0000000783d00000|  0%| F|  |TAMS 0x0000000783c00000, 0x0000000783c00000| Untracked 
|  61|0x0000000783d00000, 0x0000000783d00000, 0x0000000783e00000|  0%| F|  |TAMS 0x0000000783d00000, 0x0000000783d00000| Untracked 
|  62|0x0000000783e00000, 0x0000000783e00000, 0x0000000783f00000|  0%| F|  |TAMS 0x0000000783e00000, 0x0000000783e00000| Untracked 
|  63|0x0000000783f00000, 0x0000000783f00000, 0x0000000784000000|  0%| F|  |TAMS 0x0000000783f00000, 0x0000000783f00000| Untracked 
|  64|0x0000000784000000, 0x0000000784000000, 0x0000000784100000|  0%| F|  |TAMS 0x0000000784000000, 0x0000000784000000| Untracked 
|  65|0x0000000784100000, 0x0000000784100000, 0x0000000784200000|  0%| F|  |TAMS 0x0000000784100000, 0x0000000784100000| Untracked 
|  66|0x0000000784200000, 0x0000000784200000, 0x0000000784300000|  0%| F|  |TAMS 0x0000000784200000, 0x0000000784200000| Untracked 
|  67|0x0000000784300000, 0x0000000784300000, 0x0000000784400000|  0%| F|  |TAMS 0x0000000784300000, 0x0000000784300000| Untracked 
|  68|0x0000000784400000, 0x0000000784400000, 0x0000000784500000|  0%| F|  |TAMS 0x0000000784400000, 0x0000000784400000| Untracked 
|  69|0x0000000784500000, 0x0000000784500000, 0x0000000784600000|  0%| F|  |TAMS 0x0000000784500000, 0x0000000784500000| Untracked 
|  70|0x0000000784600000, 0x0000000784600000, 0x0000000784700000|  0%| F|  |TAMS 0x0000000784600000, 0x0000000784600000| Untracked 
|  71|0x0000000784700000, 0x0000000784700000, 0x0000000784800000|  0%| F|  |TAMS 0x0000000784700000, 0x0000000784700000| Untracked 
|  72|0x0000000784800000, 0x0000000784800000, 0x0000000784900000|  0%| F|  |TAMS 0x0000000784800000, 0x0000000784800000| Untracked 
|  73|0x0000000784900000, 0x0000000784900000, 0x0000000784a00000|  0%| F|  |TAMS 0x0000000784900000, 0x0000000784900000| Untracked 
|  74|0x0000000784a00000, 0x0000000784a00000, 0x0000000784b00000|  0%| F|  |TAMS 0x0000000784a00000, 0x0000000784a00000| Untracked 
|  75|0x0000000784b00000, 0x0000000784b00000, 0x0000000784c00000|  0%| F|  |TAMS 0x0000000784b00000, 0x0000000784b00000| Untracked 
|  76|0x0000000784c00000, 0x0000000784c00000, 0x0000000784d00000|  0%| F|  |TAMS 0x0000000784c00000, 0x0000000784c00000| Untracked 
|  77|0x0000000784d00000, 0x0000000784d00000, 0x0000000784e00000|  0%| F|  |TAMS 0x0000000784d00000, 0x0000000784d00000| Untracked 
|  78|0x0000000784e00000, 0x0000000784e00000, 0x0000000784f00000|  0%| F|  |TAMS 0x0000000784e00000, 0x0000000784e00000| Untracked 
|  79|0x0000000784f00000, 0x0000000784f00000, 0x0000000785000000|  0%| F|  |TAMS 0x0000000784f00000, 0x0000000784f00000| Untracked 
|  80|0x0000000785000000, 0x0000000785000000, 0x0000000785100000|  0%| F|  |TAMS 0x0000000785000000, 0x0000000785000000| Untracked 
|  81|0x0000000785100000, 0x0000000785100000, 0x0000000785200000|  0%| F|  |TAMS 0x0000000785100000, 0x0000000785100000| Untracked 
|  82|0x0000000785200000, 0x0000000785200000, 0x0000000785300000|  0%| F|  |TAMS 0x0000000785200000, 0x0000000785200000| Untracked 
|  83|0x0000000785300000, 0x0000000785300000, 0x0000000785400000|  0%| F|  |TAMS 0x0000000785300000, 0x0000000785300000| Untracked 
|  84|0x0000000785400000, 0x0000000785400000, 0x0000000785500000|  0%| F|  |TAMS 0x0000000785400000, 0x0000000785400000| Untracked 
|  85|0x0000000785500000, 0x0000000785500000, 0x0000000785600000|  0%| F|  |TAMS 0x0000000785500000, 0x0000000785500000| Untracked 
|  86|0x0000000785600000, 0x0000000785600000, 0x0000000785700000|  0%| F|  |TAMS 0x0000000785600000, 0x0000000785600000| Untracked 
|  87|0x0000000785700000, 0x0000000785700000, 0x0000000785800000|  0%| F|  |TAMS 0x0000000785700000, 0x0000000785700000| Untracked 
|  88|0x0000000785800000, 0x0000000785800000, 0x0000000785900000|  0%| F|  |TAMS 0x0000000785800000, 0x0000000785800000| Untracked 
|  89|0x0000000785900000, 0x0000000785900000, 0x0000000785a00000|  0%| F|  |TAMS 0x0000000785900000, 0x0000000785900000| Untracked 
|  90|0x0000000785a00000, 0x0000000785a00000, 0x0000000785b00000|  0%| F|  |TAMS 0x0000000785a00000, 0x0000000785a00000| Untracked 
|  91|0x0000000785b00000, 0x0000000785b00000, 0x0000000785c00000|  0%| F|  |TAMS 0x0000000785b00000, 0x0000000785b00000| Untracked 
|  92|0x0000000785c00000, 0x0000000785c00000, 0x0000000785d00000|  0%| F|  |TAMS 0x0000000785c00000, 0x0000000785c00000| Untracked 
|  93|0x0000000785d00000, 0x0000000785d00000, 0x0000000785e00000|  0%| F|  |TAMS 0x0000000785d00000, 0x0000000785d00000| Untracked 
|  94|0x0000000785e00000, 0x0000000785e00000, 0x0000000785f00000|  0%| F|  |TAMS 0x0000000785e00000, 0x0000000785e00000| Untracked 
|  95|0x0000000785f00000, 0x0000000785f00000, 0x0000000786000000|  0%| F|  |TAMS 0x0000000785f00000, 0x0000000785f00000| Untracked 
|  96|0x0000000786000000, 0x0000000786000000, 0x0000000786100000|  0%| F|  |TAMS 0x0000000786000000, 0x0000000786000000| Untracked 
|  97|0x0000000786100000, 0x0000000786100000, 0x0000000786200000|  0%| F|  |TAMS 0x0000000786100000, 0x0000000786100000| Untracked 
|  98|0x0000000786200000, 0x0000000786200000, 0x0000000786300000|  0%| F|  |TAMS 0x0000000786200000, 0x0000000786200000| Untracked 
|  99|0x0000000786300000, 0x0000000786300000, 0x0000000786400000|  0%| F|  |TAMS 0x0000000786300000, 0x0000000786300000| Untracked 
| 100|0x0000000786400000, 0x0000000786400000, 0x0000000786500000|  0%| F|  |TAMS 0x0000000786400000, 0x0000000786400000| Untracked 
| 101|0x0000000786500000, 0x0000000786500000, 0x0000000786600000|  0%| F|  |TAMS 0x0000000786500000, 0x0000000786500000| Untracked 
| 102|0x0000000786600000, 0x0000000786600000, 0x0000000786700000|  0%| F|  |TAMS 0x0000000786600000, 0x0000000786600000| Untracked 
| 103|0x0000000786700000, 0x0000000786700000, 0x0000000786800000|  0%| F|  |TAMS 0x0000000786700000, 0x0000000786700000| Untracked 
| 104|0x0000000786800000, 0x0000000786800000, 0x0000000786900000|  0%| F|  |TAMS 0x0000000786800000, 0x0000000786800000| Untracked 
| 105|0x0000000786900000, 0x0000000786900000, 0x0000000786a00000|  0%| F|  |TAMS 0x0000000786900000, 0x0000000786900000| Untracked 
| 106|0x0000000786a00000, 0x0000000786a00000, 0x0000000786b00000|  0%| F|  |TAMS 0x0000000786a00000, 0x0000000786a00000| Untracked 
| 107|0x0000000786b00000, 0x0000000786b00000, 0x0000000786c00000|  0%| F|  |TAMS 0x0000000786b00000, 0x0000000786b00000| Untracked 
| 108|0x0000000786c00000, 0x0000000786c00000, 0x0000000786d00000|  0%| F|  |TAMS 0x0000000786c00000, 0x0000000786c00000| Untracked 
| 109|0x0000000786d00000, 0x0000000786d00000, 0x0000000786e00000|  0%| F|  |TAMS 0x0000000786d00000, 0x0000000786d00000| Untracked 
| 110|0x0000000786e00000, 0x0000000786e00000, 0x0000000786f00000|  0%| F|  |TAMS 0x0000000786e00000, 0x0000000786e00000| Untracked 
| 111|0x0000000786f00000, 0x0000000786f00000, 0x0000000787000000|  0%| F|  |TAMS 0x0000000786f00000, 0x0000000786f00000| Untracked 
| 112|0x0000000787000000, 0x0000000787000000, 0x0000000787100000|  0%| F|  |TAMS 0x0000000787000000, 0x0000000787000000| Untracked 
| 113|0x0000000787100000, 0x0000000787100000, 0x0000000787200000|  0%| F|  |TAMS 0x0000000787100000, 0x0000000787100000| Untracked 
| 114|0x0000000787200000, 0x0000000787200000, 0x0000000787300000|  0%| F|  |TAMS 0x0000000787200000, 0x0000000787200000| Untracked 
| 115|0x0000000787300000, 0x0000000787300000, 0x0000000787400000|  0%| F|  |TAMS 0x0000000787300000, 0x0000000787300000| Untracked 
| 116|0x0000000787400000, 0x0000000787400000, 0x0000000787500000|  0%| F|  |TAMS 0x0000000787400000, 0x0000000787400000| Untracked 
| 117|0x0000000787500000, 0x0000000787500000, 0x0000000787600000|  0%| F|  |TAMS 0x0000000787500000, 0x0000000787500000| Untracked 
| 118|0x0000000787600000, 0x0000000787600000, 0x0000000787700000|  0%| F|  |TAMS 0x0000000787600000, 0x0000000787600000| Untracked 
| 119|0x0000000787700000, 0x0000000787700000, 0x0000000787800000|  0%| F|  |TAMS 0x0000000787700000, 0x0000000787700000| Untracked 
| 120|0x0000000787800000, 0x0000000787800000, 0x0000000787900000|  0%| F|  |TAMS 0x0000000787800000, 0x0000000787800000| Untracked 
| 121|0x0000000787900000, 0x0000000787900000, 0x0000000787a00000|  0%| F|  |TAMS 0x0000000787900000, 0x0000000787900000| Untracked 
| 122|0x0000000787a00000, 0x0000000787add548, 0x0000000787b00000| 86%| E|  |TAMS 0x0000000787a00000, 0x0000000787a00000| Complete 
| 123|0x0000000787b00000, 0x0000000787c00000, 0x0000000787c00000|100%| E|CS|TAMS 0x0000000787b00000, 0x0000000787b00000| Complete 
| 124|0x0000000787c00000, 0x0000000787d00000, 0x0000000787d00000|100%| E|CS|TAMS 0x0000000787c00000, 0x0000000787c00000| Complete 
| 125|0x0000000787d00000, 0x0000000787e00000, 0x0000000787e00000|100%| E|CS|TAMS 0x0000000787d00000, 0x0000000787d00000| Complete 
| 126|0x0000000787e00000, 0x0000000787f00000, 0x0000000787f00000|100%| E|CS|TAMS 0x0000000787e00000, 0x0000000787e00000| Complete 
| 127|0x0000000787f00000, 0x0000000788000000, 0x0000000788000000|100%| E|CS|TAMS 0x0000000787f00000, 0x0000000787f00000| Complete 
|1022|0x00000007bfe00000, 0x00000007bfe47000, 0x00000007bff00000| 27%|OA|  |TAMS 0x00000007bfe00000, 0x00000007bfe00000| Untracked 
|1023|0x00000007bff00000, 0x00000007bff77000, 0x00000007c0000000| 46%|CA|  |TAMS 0x00000007bff00000, 0x00000007bff00000| Untracked 

Card table byte_map: [0x00000001237ee000,0x0000000123bee000] _byte_map_base: 0x000000011fbee000

Marking Bits (Prev, Next): (CMBitMap*) 0x00007fad1802ca18, (CMBitMap*) 0x00007fad1802ca58
 Prev Bits: [0x0000000123fee000, 0x0000000125fee000)
 Next Bits: [0x0000000125fee000, 0x0000000127fee000)

Polling page: 0x000000010a0bb000

Metaspace:

Usage:
  Non-class:      4.81 MB capacity,     2.78 MB ( 58%) used,     2.03 MB ( 42%) free+waste,     7.00 KB ( <1%) overhead. 
      Class:    515.00 KB capacity,   288.44 KB ( 56%) used,   222.50 KB ( 43%) free+waste,     4.06 KB ( <1%) overhead. 
       Both:      5.32 MB capacity,     3.06 MB ( 58%) used,     2.25 MB ( 42%) free+waste,    11.06 KB ( <1%) overhead. 

Virtual space:
  Non-class space:        8.00 MB reserved,       5.00 MB ( 62%) committed 
      Class space:        1.00 GB reserved,     640.00 KB ( <1%) committed 
             Both:        1.01 GB reserved,       5.62 MB ( <1%) committed 

Chunk freelists:
   Non-Class:  71.00 KB
       Class:  0 bytes
        Both:  71.00 KB

MaxMetaspaceSize: unlimited
CompressedClassSpaceSize: 1.00 GB

CodeHeap 'non-profiled nmethods': size=120032Kb used=156Kb max_used=156Kb free=119875Kb
 bounds [0x000000011b9cb000, 0x000000011bc3b000, 0x0000000122f03000]
CodeHeap 'profiled nmethods': size=120032Kb used=742Kb max_used=742Kb free=119289Kb
 bounds [0x0000000114493000, 0x0000000114703000, 0x000000011b9cb000]
CodeHeap 'non-nmethods': size=5696Kb used=1152Kb max_used=1158Kb free=4543Kb
 bounds [0x0000000113f03000, 0x0000000114173000, 0x0000000114493000]
 total_blobs=1016 nmethods=515 adapters=311
 compilation: enabled
              stopped_count=0, restarted_count=0
 full_count=0

Compilation events (20 events):
Event: 1.037 Thread 0x00007fad19808800  506       1       java.lang.reflect.Field::getModifiers (5 bytes)
Event: 1.040 Thread 0x00007fad19808800 nmethod 506 0x000000011b9f1a90 code [0x000000011b9f1c20, 0x000000011b9f1d50]
Event: 1.040 Thread 0x00007fad19808800  507       3       jdk.internal.reflect.ReflectionFactory::langReflectAccess (15 bytes)
Event: 1.040 Thread 0x00007fad19808800 nmethod 507 0x0000000114549810 code [0x00000001145499c0, 0x0000000114549bd0]
Event: 1.040 Thread 0x00007fad19808800  508       3       java.lang.reflect.Modifier::isFinal (13 bytes)
Event: 1.040 Thread 0x00007fad19808800 nmethod 508 0x0000000114549c90 code [0x0000000114549e20, 0x0000000114549fb0]
Event: 1.041 Thread 0x00007fad19808800  509       1       java.lang.reflect.Field::getType (5 bytes)
Event: 1.041 Thread 0x00007fad19808800 nmethod 509 0x000000011b9f1d90 code [0x000000011b9f1f20, 0x000000011b9f2050]
Event: 1.042 Thread 0x00007fad19808800  510       3       java.lang.String::substring (68 bytes)
Event: 1.042 Thread 0x00007fad19808800 nmethod 510 0x000000011454a010 code [0x000000011454a240, 0x000000011454aa18]
Event: 1.042 Thread 0x00007fad19808800  511       1       java.lang.reflect.Field::getRoot (5 bytes)
Event: 1.042 Thread 0x00007fad19808800 nmethod 511 0x000000011b9f2090 code [0x000000011b9f2220, 0x000000011b9f2350]
Event: 1.045 Thread 0x00007fad19808800  512       3       java.lang.Integer::valueOf (32 bytes)
Event: 1.046 Thread 0x00007fad19808800 nmethod 512 0x000000011454ac90 code [0x000000011454ae40, 0x000000011454b1b0]
Event: 1.046 Thread 0x00007fad19808800  513       3       java.nio.Buffer::remaining (10 bytes)
Event: 1.046 Thread 0x00007fad19808800 nmethod 513 0x000000011454b310 code [0x000000011454b4a0, 0x000000011454b610]
Event: 1.094 Thread 0x00007fad19808800  514       3       java.lang.ref.SoftReference::get (29 bytes)
Event: 1.094 Thread 0x00007fad19808800 nmethod 514 0x000000011454b690 code [0x000000011454b840, 0x000000011454ba90]
Event: 1.107 Thread 0x00007fad19808800  515       3       java.lang.StringCoding::encodeUTF8 (132 bytes)
Event: 1.108 Thread 0x00007fad19808800 nmethod 515 0x000000011454bb10 code [0x000000011454bd40, 0x000000011454c7c8]

GC Heap History (0 events):
No events

Deoptimization events (8 events):
Event: 0.157 Thread 0x00007fad19001800 Uncommon trap: trap_request=0xffffff45 fr.pc=0x000000011b9d0404 relative=0x0000000000000084
Event: 0.157 Thread 0x00007fad19001800 Uncommon trap: reason=unstable_if action=reinterpret pc=0x000000011b9d0404 method=java.lang.String.isLatin1()Z @ 10 c2
Event: 0.157 Thread 0x00007fad19001800 DEOPT PACKING pc=0x000000011b9d0404 sp=0x000070000a6be4e0
Event: 0.157 Thread 0x00007fad19001800 DEOPT UNPACKING pc=0x0000000113f4be25 sp=0x000070000a6be440 mode 2
Event: 0.612 Thread 0x00007fad19001800 Uncommon trap: trap_request=0xffffff45 fr.pc=0x000000011b9d5534 relative=0x0000000000000194
Event: 0.612 Thread 0x00007fad19001800 Uncommon trap: reason=unstable_if action=reinterpret pc=0x000000011b9d5534 method=java.lang.String.equals(Ljava/lang/Object;)Z @ 33 c2
Event: 0.612 Thread 0x00007fad19001800 DEOPT PACKING pc=0x000000011b9d5534 sp=0x000070000a6bf160
Event: 0.612 Thread 0x00007fad19001800 DEOPT UNPACKING pc=0x0000000113f4be25 sp=0x000070000a6bf120 mode 2

Classes unloaded (0 events):
No events

Classes redefined (0 events):
No events

Internal exceptions (5 events):
Event: 0.232 Thread 0x00007fad19001800 Exception <a 'java/lang/ClassNotFoundException'{0x0000000787d9d568}: sun/awt/resources/spi/awtProvider> (0x0000000787d9d568) 
thrown [/scratch/mesos/slaves/fcf4c0c4-d73e-4321-860c-6613427db92b-S2452/frameworks/1735e8a2-a1db-478c-8104-60c8b0af87dd-0196/executors/ab12d1f8-defd-4a26-b83a-82b67c14bc8d/runs/ad8904cf-d9a8-428f-8f86-4d88be7b86bd/workspace/open/src/hotspot/share/classfile/systemDictionary.cpp, line 232]
Event: 0.279 Thread 0x00007fad19001800 Exception <a 'java/io/FileNotFoundException'{0x0000000787dea3e0}> (0x0000000787dea3e0) 
thrown [/scratch/mesos/slaves/fcf4c0c4-d73e-4321-860c-6613427db92b-S2452/frameworks/1735e8a2-a1db-478c-8104-60c8b0af87dd-0196/executors/ab12d1f8-defd-4a26-b83a-82b67c14bc8d/runs/ad8904cf-d9a8-428f-8f86-4d88be7b86bd/workspace/open/src/hotspot/share/prims/jni.cpp, line 598]
Event: 0.294 Thread 0x00007fad19001800 Exception <a 'java/io/FileNotFoundException'{0x0000000787c11088}> (0x0000000787c11088) 
thrown [/scratch/mesos/slaves/fcf4c0c4-d73e-4321-860c-6613427db92b-S2452/frameworks/1735e8a2-a1db-478c-8104-60c8b0af87dd-0196/executors/ab12d1f8-defd-4a26-b83a-82b67c14bc8d/runs/ad8904cf-d9a8-428f-8f86-4d88be7b86bd/workspace/open/src/hotspot/share/prims/jni.cpp, line 598]
Event: 0.299 Thread 0x00007fad19001800 Exception <a 'java/lang/ClassNotFoundException'{0x0000000787c14a68}: sun/awt/resources/spi/awtosxProvider> (0x0000000787c14a68) 
thrown [/scratch/mesos/slaves/fcf4c0c4-d73e-4321-860c-6613427db92b-S2452/frameworks/1735e8a2-a1db-478c-8104-60c8b0af87dd-0196/executors/ab12d1f8-defd-4a26-b83a-82b67c14bc8d/runs/ad8904cf-d9a8-428f-8f86-4d88be7b86bd/workspace/open/src/hotspot/share/classfile/systemDictionary.cpp, line 232]
Event: 0.634 Thread 0x00007fad19001800 Exception <a 'java/io/FileNotFoundException'{0x0000000787cbfdd8}> (0x0000000787cbfdd8) 
thrown [/scratch/mesos/slaves/fcf4c0c4-d73e-4321-860c-6613427db92b-S2452/frameworks/1735e8a2-a1db-478c-8104-60c8b0af87dd-0196/executors/ab12d1f8-defd-4a26-b83a-82b67c14bc8d/runs/ad8904cf-d9a8-428f-8f86-4d88be7b86bd/workspace/open/src/hotspot/share/prims/jni.cpp, line 598]

Events (20 events):
Event: 1.036 loading class jdk/internal/reflect/UnsafeQualifiedStaticIntegerFieldAccessorImpl
Event: 1.036 loading class jdk/internal/reflect/UnsafeQualifiedStaticIntegerFieldAccessorImpl done
Event: 1.042 loading class org/lwjgl/input/Keyboard$KeyEvent
Event: 1.042 loading class org/lwjgl/input/Keyboard$KeyEvent done
Event: 1.043 loading class org/lwjgl/opengl/MacOSXNativeKeyboard
Event: 1.043 loading class org/lwjgl/opengl/MacOSXNativeKeyboard done
Event: 1.046 loading class org/lwjgl/opengl/ContextGL
Event: 1.046 loading class org/lwjgl/opengl/ContextGL done
Event: 1.046 loading class org/lwjgl/opengl/ContextImplementation
Event: 1.046 loading class org/lwjgl/opengl/ContextImplementation done
Event: 1.093 loading class org/lwjgl/opengl/MacOSXContextImplementation
Event: 1.093 loading class org/lwjgl/opengl/MacOSXContextImplementation done
Event: 1.094 loading class org/lwjgl/opengl/GLContext
Event: 1.094 loading class org/lwjgl/opengl/GLContext done
Event: 1.095 loading class java/lang/NumberFormatException
Event: 1.095 loading class java/lang/NumberFormatException done
Event: 1.095 loading class org/lwjgl/opengl/GLContext$CapabilitiesCacheEntry
Event: 1.095 loading class org/lwjgl/opengl/GLContext$CapabilitiesCacheEntry done
Event: 1.106 loading class org/lwjgl/opengl/ContextCapabilities
Event: 1.106 loading class org/lwjgl/opengl/ContextCapabilities done


Dynamic libraries:
0x00007fff6faf6000 	/usr/lib/libz.1.dylib
0x000000010a055000 	/Library/Java/JavaVirtualMachines/jdk-13.0.1.jdk/Contents/Home/lib/libjli.dylib
0x00007fff38316000 	/System/Library/Frameworks/Cocoa.framework/Versions/A/Cocoa
0x00007fff458ca000 	/System/Library/Frameworks/Security.framework/Versions/A/Security
0x00007fff372b6000 	/System/Library/Frameworks/ApplicationServices.framework/Versions/A/ApplicationServices
0x00007fff6d5de000 	/usr/lib/libSystem.B.dylib
0x00007fff7056e000 	/usr/lib/system/libcache.dylib
0x00007fff70574000 	/usr/lib/system/libcommonCrypto.dylib
0x00007fff70580000 	/usr/lib/system/libcompiler_rt.dylib
0x00007fff70588000 	/usr/lib/system/libcopyfile.dylib
0x00007fff70592000 	/usr/lib/system/libcorecrypto.dylib
0x00007fff70740000 	/usr/lib/system/libdispatch.dylib
0x00007fff70782000 	/usr/lib/system/libdyld.dylib
0x00007fff707b8000 	/usr/lib/system/libkeymgr.dylib
0x00007fff707c6000 	/usr/lib/system/liblaunch.dylib
0x00007fff707c7000 	/usr/lib/system/libmacho.dylib
0x00007fff707cd000 	/usr/lib/system/libquarantine.dylib
0x00007fff707d0000 	/usr/lib/system/libremovefile.dylib
0x00007fff707d2000 	/usr/lib/system/libsystem_asl.dylib
0x00007fff707ea000 	/usr/lib/system/libsystem_blocks.dylib
0x00007fff707eb000 	/usr/lib/system/libsystem_c.dylib
0x00007fff70873000 	/usr/lib/system/libsystem_configuration.dylib
0x00007fff70877000 	/usr/lib/system/libsystem_coreservices.dylib
0x00007fff7087b000 	/usr/lib/system/libsystem_darwin.dylib
0x00007fff70883000 	/usr/lib/system/libsystem_dnssd.dylib
0x00007fff7088b000 	/usr/lib/system/libsystem_featureflags.dylib
0x00007fff7088d000 	/usr/lib/system/libsystem_info.dylib
0x00007fff70908000 	/usr/lib/system/libsystem_m.dylib
0x00007fff70950000 	/usr/lib/system/libsystem_malloc.dylib
0x00007fff70978000 	/usr/lib/system/libsystem_networkextension.dylib
0x00007fff70986000 	/usr/lib/system/libsystem_notify.dylib
0x00007fff709a5000 	/usr/lib/system/libsystem_sandbox.dylib
0x00007fff709aa000 	/usr/lib/system/libsystem_secinit.dylib
0x00007fff708db000 	/usr/lib/system/libsystem_kernel.dylib
0x00007fff70990000 	/usr/lib/system/libsystem_platform.dylib
0x00007fff7099a000 	/usr/lib/system/libsystem_pthread.dylib
0x00007fff709ad000 	/usr/lib/system/libsystem_symptoms.dylib
0x00007fff709b5000 	/usr/lib/system/libsystem_trace.dylib
0x00007fff709cd000 	/usr/lib/system/libunwind.dylib
0x00007fff709d3000 	/usr/lib/system/libxpc.dylib
0x00007fff6f41e000 	/usr/lib/libobjc.A.dylib
0x00007fff6d910000 	/usr/lib/libc++abi.dylib
0x00007fff6d8bc000 	/usr/lib/libc++.1.dylib
0x00007fff3927f000 	/System/Library/Frameworks/CoreFoundation.framework/Versions/A/CoreFoundation
0x00007fff3b942000 	/System/Library/Frameworks/Foundation.framework/Versions/C/Foundation
0x00007fff364ae000 	/System/Library/Frameworks/AppKit.framework/Versions/C/AppKit
0x00007fff38d93000 	/System/Library/Frameworks/CoreData.framework/Versions/A/CoreData
0x00007fff69e89000 	/System/Library/PrivateFrameworks/UIFoundation.framework/Versions/A/UIFoundation
0x00007fff646ba000 	/System/Library/PrivateFrameworks/RemoteViewServices.framework/Versions/A/RemoteViewServices
0x00007fff6c90c000 	/System/Library/PrivateFrameworks/XCTTargetBootstrap.framework/Versions/A/XCTTargetBootstrap
0x00007fff39172000 	/System/Library/Frameworks/CoreDisplay.framework/Versions/A/CoreDisplay
0x00007fff3e6b5000 	/System/Library/Frameworks/Metal.framework/Versions/A/Metal
0x00007fff52bc6000 	/System/Library/PrivateFrameworks/DesktopServicesPriv.framework/Versions/A/DesktopServicesPriv
0x00007fff6e709000 	/usr/lib/liblangid.dylib
0x00007fff51d1d000 	/System/Library/PrivateFrameworks/CoreSVG.framework/Versions/A/CoreSVG
0x00007fff6743a000 	/System/Library/PrivateFrameworks/SkyLight.framework/Versions/A/SkyLight
0x00007fff39700000 	/System/Library/Frameworks/CoreGraphics.framework/Versions/A/CoreGraphics
0x00007fff3504f000 	/System/Library/Frameworks/Accelerate.framework/Versions/A/Accelerate
0x00007fff6f9e7000 	/usr/lib/libxml2.2.dylib
0x00007fff5d8c9000 	/System/Library/PrivateFrameworks/IconServices.framework/Versions/A/IconServices
0x00007fff3c124000 	/System/Library/Frameworks/IOSurface.framework/Versions/A/IOSurface
0x00007fff6d116000 	/usr/lib/libDiagnosticMessagesClient.dylib
0x00007fff52a3f000 	/System/Library/PrivateFrameworks/DFRFoundation.framework/Versions/A/DFRFoundation
0x00007fff6e497000 	/usr/lib/libicucore.A.dylib
0x00007fff375e8000 	/System/Library/Frameworks/AudioToolbox.framework/Versions/A/AudioToolbox
0x00007fff376ca000 	/System/Library/Frameworks/AudioUnit.framework/Versions/A/AudioUnit
0x00007fff6d7e0000 	/usr/lib/libauto.dylib
0x00007fff52ac0000 	/System/Library/PrivateFrameworks/DataDetectorsCore.framework/Versions/A/DataDetectorsCore
0x00007fff37e36000 	/System/Library/Frameworks/Carbon.framework/Versions/A/Frameworks/HIToolbox.framework/Versions/A/HIToolbox
0x00007fff44aff000 	/System/Library/Frameworks/QuartzCore.framework/Versions/A/QuartzCore
0x00007fff38175000 	/System/Library/Frameworks/Carbon.framework/Versions/A/Frameworks/SpeechRecognition.framework/Versions/A/SpeechRecognition
0x00007fff523c3000 	/System/Library/PrivateFrameworks/CoreUI.framework/Versions/A/CoreUI
0x00007fff387f9000 	/System/Library/Frameworks/CoreAudio.framework/Versions/A/CoreAudio
0x00007fff3b60a000 	/System/Library/Frameworks/DiskArbitration.framework/Versions/A/DiskArbitration
0x00007fff5f8d2000 	/System/Library/PrivateFrameworks/MultitouchSupport.framework/Versions/A/MultitouchSupport
0x00007fff6e35d000 	/usr/lib/libenergytrace.dylib
0x00007fff3c07f000 	/System/Library/Frameworks/IOKit.framework/Versions/A/IOKit
0x00007fff3a66c000 	/System/Library/Frameworks/CoreServices.framework/Versions/A/CoreServices
0x00007fff61948000 	/System/Library/PrivateFrameworks/PerformanceAnalysis.framework/Versions/A/PerformanceAnalysis
0x00007fff43b36000 	/System/Library/Frameworks/OpenGL.framework/Versions/A/OpenGL
0x00007fff38324000 	/System/Library/Frameworks/ColorSync.framework/Versions/A/ColorSync
0x00007fff39d86000 	/System/Library/Frameworks/CoreImage.framework/Versions/A/CoreImage
0x00007fff3b0e1000 	/System/Library/Frameworks/CoreText.framework/Versions/A/CoreText
0x00007fff3c1ab000 	/System/Library/Frameworks/ImageIO.framework/Versions/A/ImageIO
0x00007fff6d938000 	/usr/lib/libcompression.dylib
0x00007fff6d458000 	/usr/lib/libMobileGestalt.dylib
0x00007fff68f6b000 	/System/Library/PrivateFrameworks/TextureIO.framework/Versions/A/TextureIO
0x00007fff6d746000 	/usr/lib/libate.dylib
0x00007fff5dad1000 	/System/Library/PrivateFrameworks/InternationalSupport.framework/Versions/A/InternationalSupport
0x00007fff6e70b000 	/usr/lib/liblzma.5.dylib
0x00007fff6e385000 	/usr/lib/libfakelink.dylib
0x00007fff6d6d3000 	/usr/lib/libarchive.2.dylib
0x00007fff46a84000 	/System/Library/Frameworks/SystemConfiguration.framework/Versions/A/SystemConfiguration
0x00007fff6d047000 	/usr/lib/libCRFSuite.dylib
0x00007fff37a40000 	/System/Library/Frameworks/CFNetwork.framework/Versions/A/CFNetwork
0x00007fff6d89e000 	/usr/lib/libbsm.0.dylib
0x00007fff707b9000 	/usr/lib/system/libkxld.dylib
0x00007fff4c55c000 	/System/Library/PrivateFrameworks/AppleFSCompression.framework/Versions/A/AppleFSCompression
0x00007fff6dc1c000 	/usr/lib/libcoretls.dylib
0x00007fff6dc33000 	/usr/lib/libcoretls_cfhelpers.dylib
0x00007fff6f462000 	/usr/lib/libpam.2.dylib
0x00007fff6f592000 	/usr/lib/libsqlite3.dylib
0x00007fff6f9d4000 	/usr/lib/libxar.1.dylib
0x00007fff6d8af000 	/usr/lib/libbz2.1.0.dylib
0x00007fff6e3a6000 	/usr/lib/libiconv.2.dylib
0x00007fff6d925000 	/usr/lib/libcharset.1.dylib
0x00007fff6ef0d000 	/usr/lib/libnetwork.dylib
0x00007fff6f469000 	/usr/lib/libpcap.A.dylib
0x00007fff6d688000 	/usr/lib/libapple_nghttp2.dylib
0x00007fff3aa23000 	/System/Library/Frameworks/CoreServices.framework/Versions/A/Frameworks/FSEvents.framework/Versions/A/FSEvents
0x00007fff3a6f3000 	/System/Library/Frameworks/CoreServices.framework/Versions/A/Frameworks/CarbonCore.framework/Versions/A/CarbonCore
0x00007fff3ac66000 	/System/Library/Frameworks/CoreServices.framework/Versions/A/Frameworks/Metadata.framework/Versions/A/Metadata
0x00007fff3acff000 	/System/Library/Frameworks/CoreServices.framework/Versions/A/Frameworks/OSServices.framework/Versions/A/OSServices
0x00007fff3ad2d000 	/System/Library/Frameworks/CoreServices.framework/Versions/A/Frameworks/SearchKit.framework/Versions/A/SearchKit
0x00007fff3a66d000 	/System/Library/Frameworks/CoreServices.framework/Versions/A/Frameworks/AE.framework/Versions/A/AE
0x00007fff3aa2c000 	/System/Library/Frameworks/CoreServices.framework/Versions/A/Frameworks/LaunchServices.framework/Versions/A/LaunchServices
0x00007fff3a9d5000 	/System/Library/Frameworks/CoreServices.framework/Versions/A/Frameworks/DictionaryServices.framework/Versions/A/DictionaryServices
0x00007fff3ad95000 	/System/Library/Frameworks/CoreServices.framework/Versions/A/Frameworks/SharedFileList.framework/Versions/A/SharedFileList
0x00007fff3f98a000 	/System/Library/Frameworks/NetFS.framework/Versions/A/NetFS
0x00007fff5fd75000 	/System/Library/PrivateFrameworks/NetAuth.framework/Versions/A/NetAuth
0x00007fff6ccd6000 	/System/Library/PrivateFrameworks/login.framework/Versions/A/Frameworks/loginsupport.framework/Versions/A/loginsupport
0x00007fff68a69000 	/System/Library/PrivateFrameworks/TCC.framework/Versions/A/TCC
0x00007fff510f0000 	/System/Library/PrivateFrameworks/CoreNLP.framework/Versions/A/CoreNLP
0x00007fff5f302000 	/System/Library/PrivateFrameworks/MetadataUtilities.framework/Versions/A/MetadataUtilities
0x00007fff6e7e3000 	/usr/lib/libmecabra.dylib
0x00007fff6e73b000 	/usr/lib/libmecab.dylib
0x00007fff6e396000 	/usr/lib/libgermantok.dylib
0x00007fff6d66f000 	/usr/lib/libThaiTokenizer.dylib
0x00007fff6d07f000 	/usr/lib/libChineseTokenizer.dylib
0x00007fff35067000 	/System/Library/Frameworks/Accelerate.framework/Versions/A/Frameworks/vImage.framework/Versions/A/vImage
0x00007fff36309000 	/System/Library/Frameworks/Accelerate.framework/Versions/A/Frameworks/vecLib.framework/Versions/A/vecLib
0x00007fff3624d000 	/System/Library/Frameworks/Accelerate.framework/Versions/A/Frameworks/vecLib.framework/Versions/A/libvMisc.dylib
0x00007fff36073000 	/System/Library/Frameworks/Accelerate.framework/Versions/A/Frameworks/vecLib.framework/Versions/A/libvDSP.dylib
0x00007fff356d3000 	/System/Library/Frameworks/Accelerate.framework/Versions/A/Frameworks/vecLib.framework/Versions/A/libBLAS.dylib
0x00007fff35c2d000 	/System/Library/Frameworks/Accelerate.framework/Versions/A/Frameworks/vecLib.framework/Versions/A/libLAPACK.dylib
0x00007fff35fd3000 	/System/Library/Frameworks/Accelerate.framework/Versions/A/Frameworks/vecLib.framework/Versions/A/libLinearAlgebra.dylib
0x00007fff36060000 	/System/Library/Frameworks/Accelerate.framework/Versions/A/Frameworks/vecLib.framework/Versions/A/libSparseBLAS.dylib
0x00007fff35fe9000 	/System/Library/Frameworks/Accelerate.framework/Versions/A/Frameworks/vecLib.framework/Versions/A/libQuadrature.dylib
0x00007fff3593c000 	/System/Library/Frameworks/Accelerate.framework/Versions/A/Frameworks/vecLib.framework/Versions/A/libBNNS.dylib
0x00007fff35fef000 	/System/Library/Frameworks/Accelerate.framework/Versions/A/Frameworks/vecLib.framework/Versions/A/libSparse.dylib
0x00007fff5de8f000 	/System/Library/PrivateFrameworks/LanguageModeling.framework/Versions/A/LanguageModeling
0x00007fff50a8f000 	/System/Library/PrivateFrameworks/CoreEmoji.framework/Versions/A/CoreEmoji
0x00007fff5dfad000 	/System/Library/PrivateFrameworks/LinguisticData.framework/Versions/A/LinguisticData
0x00007fff5df5e000 	/System/Library/PrivateFrameworks/Lexicon.framework/Versions/A/Lexicon
0x00007fff6d926000 	/usr/lib/libcmph.dylib
0x00007fff4255c000 	/System/Library/Frameworks/OpenDirectory.framework/Versions/A/Frameworks/CFOpenDirectory.framework/Versions/A/CFOpenDirectory
0x00007fff42579000 	/System/Library/Frameworks/OpenDirectory.framework/Versions/A/OpenDirectory
0x00007fff4a84a000 	/System/Library/PrivateFrameworks/APFS.framework/Versions/A/APFS
0x00007fff45c11000 	/System/Library/Frameworks/SecurityFoundation.framework/Versions/A/SecurityFoundation
0x00007fff6f9d0000 	/usr/lib/libutil.dylib
0x00007fff51d75000 	/System/Library/PrivateFrameworks/CoreServicesStore.framework/Versions/A/CoreServicesStore
0x00007fff45cf3000 	/System/Library/Frameworks/ServiceManagement.framework/Versions/A/ServiceManagement
0x00007fff4dd0e000 	/System/Library/PrivateFrameworks/BackgroundTaskManagement.framework/Versions/A/BackgroundTaskManagement
0x00007fff6facd000 	/usr/lib/libxslt.1.dylib
0x00007fff4cbbf000 	/System/Library/PrivateFrameworks/AppleSystemInfo.framework/Versions/A/AppleSystemInfo
0x00007fff3c3c7000 	/System/Library/Frameworks/ImageIO.framework/Versions/A/Resources/libJPEG.dylib
0x00007fff3c686000 	/System/Library/Frameworks/ImageIO.framework/Versions/A/Resources/libTIFF.dylib
0x00007fff3c669000 	/System/Library/Frameworks/ImageIO.framework/Versions/A/Resources/libPng.dylib
0x00007fff3c308000 	/System/Library/Frameworks/ImageIO.framework/Versions/A/Resources/libGIF.dylib
0x00007fff3c30c000 	/System/Library/Frameworks/ImageIO.framework/Versions/A/Resources/libJP2.dylib
0x00007fff3c684000 	/System/Library/Frameworks/ImageIO.framework/Versions/A/Resources/libRadiance.dylib
0x00007fff6e35e000 	/usr/lib/libexpat.1.dylib
0x00007fff4c6b7000 	/System/Library/PrivateFrameworks/AppleJPEG.framework/Versions/A/AppleJPEG
0x00007fff54fd6000 	/System/Library/PrivateFrameworks/FontServices.framework/libFontParser.dylib
0x00007fff6bd34000 	/System/Library/PrivateFrameworks/WatchdogClient.framework/Versions/A/WatchdogClient
0x00007fff5d51e000 	/System/Library/PrivateFrameworks/IOAccelerator.framework/Versions/A/IOAccelerator
0x00007fff3ea43000 	/System/Library/Frameworks/MetalPerformanceShaders.framework/Versions/A/MetalPerformanceShaders
0x00007fff59d23000 	/System/Library/PrivateFrameworks/GPUWrangler.framework/Versions/A/GPUWrangler
0x00007fff5d529000 	/System/Library/PrivateFrameworks/IOPresentment.framework/Versions/A/IOPresentment
0x00007fff52a52000 	/System/Library/PrivateFrameworks/DSExternalDisplay.framework/Versions/A/DSExternalDisplay
0x00007fff42ee2000 	/System/Library/Frameworks/OpenGL.framework/Versions/A/Libraries/libCoreFSCache.dylib
0x00007fff3e795000 	/System/Library/Frameworks/MetalPerformanceShaders.framework/Frameworks/MPSCore.framework/Versions/A/MPSCore
0x00007fff3e7d2000 	/System/Library/Frameworks/MetalPerformanceShaders.framework/Frameworks/MPSImage.framework/Versions/A/MPSImage
0x00007fff3e894000 	/System/Library/Frameworks/MetalPerformanceShaders.framework/Frameworks/MPSNeuralNetwork.framework/Versions/A/MPSNeuralNetwork
0x00007fff3e859000 	/System/Library/Frameworks/MetalPerformanceShaders.framework/Frameworks/MPSMatrix.framework/Versions/A/MPSMatrix
0x00007fff3e9f4000 	/System/Library/Frameworks/MetalPerformanceShaders.framework/Frameworks/MPSRayIntersector.framework/Versions/A/MPSRayIntersector
0x00007fff3e87e000 	/System/Library/Frameworks/MetalPerformanceShaders.framework/Frameworks/MPSNDArray.framework/Versions/A/MPSNDArray
0x00007fff5f34f000 	/System/Library/PrivateFrameworks/MetalTools.framework/Versions/A/MetalTools
0x00007fff4b9ea000 	/System/Library/PrivateFrameworks/AggregateDictionary.framework/Versions/A/AggregateDictionary
0x00007fff50522000 	/System/Library/PrivateFrameworks/CoreAnalytics.framework/Versions/A/CoreAnalytics
0x00007fff4cadd000 	/System/Library/PrivateFrameworks/AppleSauce.framework/Versions/A/AppleSauce
0x00007fff6d33b000 	/usr/lib/libIOReport.dylib
0x00007fff3b296000 	/System/Library/Frameworks/CoreVideo.framework/Versions/A/CoreVideo
0x00007fff5b188000 	/System/Library/PrivateFrameworks/GraphVisualizer.framework/Versions/A/GraphVisualizer
0x00007fff54555000 	/System/Library/PrivateFrameworks/FaceCore.framework/Versions/A/FaceCore
0x00007fff42503000 	/System/Library/Frameworks/OpenCL.framework/Versions/A/OpenCL
0x00007fff6d15d000 	/usr/lib/libFosl_dynamic.dylib
0x00007fff6076d000 	/System/Library/PrivateFrameworks/OTSVG.framework/Versions/A/OTSVG
0x00007fff373bb000 	/System/Library/Frameworks/ApplicationServices.framework/Versions/A/Frameworks/ATS.framework/Versions/A/Resources/libFontRegistry.dylib
0x00007fff551a7000 	/System/Library/PrivateFrameworks/FontServices.framework/libhvf.dylib
0x00007fff42eed000 	/System/Library/Frameworks/OpenGL.framework/Versions/A/Libraries/libGFXShared.dylib
0x00007fff430ca000 	/System/Library/Frameworks/OpenGL.framework/Versions/A/Libraries/libGLU.dylib
0x00007fff42ef6000 	/System/Library/Frameworks/OpenGL.framework/Versions/A/Libraries/libGL.dylib
0x00007fff42f01000 	/System/Library/Frameworks/OpenGL.framework/Versions/A/Libraries/libGLImage.dylib
0x00007fff42edf000 	/System/Library/Frameworks/OpenGL.framework/Versions/A/Libraries/libCVMSPluginSupport.dylib
0x00007fff42ee8000 	/System/Library/Frameworks/OpenGL.framework/Versions/A/Libraries/libCoreVMClient.dylib
0x00007fff6edaf000 	/usr/lib/libncurses.5.4.dylib
0x00007fff372b7000 	/System/Library/Frameworks/ApplicationServices.framework/Versions/A/Frameworks/ATS.framework/Versions/A/ATS
0x00007fff37484000 	/System/Library/Frameworks/ApplicationServices.framework/Versions/A/Frameworks/ColorSyncLegacy.framework/Versions/A/ColorSyncLegacy
0x00007fff37523000 	/System/Library/Frameworks/ApplicationServices.framework/Versions/A/Frameworks/HIServices.framework/Versions/A/HIServices
0x00007fff3757a000 	/System/Library/Frameworks/ApplicationServices.framework/Versions/A/Frameworks/LangAnalysis.framework/Versions/A/LangAnalysis
0x00007fff37589000 	/System/Library/Frameworks/ApplicationServices.framework/Versions/A/Frameworks/PrintCore.framework/Versions/A/PrintCore
0x00007fff375cf000 	/System/Library/Frameworks/ApplicationServices.framework/Versions/A/Frameworks/QD.framework/Versions/A/QD
0x00007fff375da000 	/System/Library/Frameworks/ApplicationServices.framework/Versions/A/Frameworks/SpeechSynthesis.framework/Versions/A/SpeechSynthesis
0x00007fff37454000 	/System/Library/Frameworks/ApplicationServices.framework/Versions/A/Frameworks/ATSUI.framework/Versions/A/ATSUI
0x00007fff6e1f2000 	/usr/lib/libcups.2.dylib
0x00007fff3daf4000 	/System/Library/Frameworks/Kerberos.framework/Versions/A/Kerberos
0x00007fff3bd76000 	/System/Library/Frameworks/GSS.framework/Versions/A/GSS
0x00007fff6f51e000 	/usr/lib/libresolv.9.dylib
0x00007fff5b329000 	/System/Library/PrivateFrameworks/Heimdal.framework/Versions/A/Heimdal
0x00007fff3db07000 	/System/Library/Frameworks/Kerberos.framework/Versions/A/Libraries/libHeimdalProxy.dylib
0x00007fff6e39c000 	/usr/lib/libheimdal-asn1.dylib
0x00007fff4f9c6000 	/System/Library/PrivateFrameworks/CommonAuth.framework/Versions/A/CommonAuth
0x00007fff4cc5c000 	/System/Library/PrivateFrameworks/AssertionServices.framework/Versions/A/AssertionServices
0x00007fff4d7fc000 	/System/Library/PrivateFrameworks/AudioToolboxCore.framework/Versions/A/AudioToolboxCore
0x00007fff6c988000 	/System/Library/PrivateFrameworks/caulk.framework/Versions/A/caulk
0x00007fff4ddba000 	/System/Library/PrivateFrameworks/BaseBoard.framework/Versions/A/BaseBoard
0x00007fff64848000 	/System/Library/PrivateFrameworks/RunningBoardServices.framework/Versions/A/RunningBoardServices
0x00007fff61954000 	/System/Library/PrivateFrameworks/PersistentConnection.framework/Versions/A/PersistentConnection
0x00007fff6429c000 	/System/Library/PrivateFrameworks/ProtocolBuffer.framework/Versions/A/ProtocolBuffer
0x00007fff4f9eb000 	/System/Library/PrivateFrameworks/CommonUtilities.framework/Versions/A/CommonUtilities
0x00007fff4df3d000 	/System/Library/PrivateFrameworks/Bom.framework/Versions/A/Bom
0x00007fff6d00b000 	/usr/lib/libAudioToolboxUtility.dylib
0x00007fff4dd18000 	/System/Library/PrivateFrameworks/Backup.framework/Versions/A/Backup
0x00007fff527c0000 	/System/Library/PrivateFrameworks/CrashReporterSupport.framework/Versions/A/CrashReporterSupport
0x00007fff662e2000 	/System/Library/PrivateFrameworks/Sharing.framework/Versions/A/Sharing
0x00007fff4c402000 	/System/Library/PrivateFrameworks/Apple80211.framework/Versions/A/Apple80211
0x00007fff4da3a000 	/System/Library/PrivateFrameworks/AuthKit.framework/Versions/A/AuthKit
0x00007fff524f0000 	/System/Library/PrivateFrameworks/CoreUtils.framework/Versions/A/CoreUtils
0x00007fff3b2db000 	/System/Library/Frameworks/CoreWLAN.framework/Versions/A/CoreWLAN
0x00007fff3bf00000 	/System/Library/Frameworks/IOBluetooth.framework/Versions/A/IOBluetooth
0x00007fff5f64d000 	/System/Library/PrivateFrameworks/MobileKeyBag.framework/Versions/A/MobileKeyBag
0x00007fff515c9000 	/System/Library/PrivateFrameworks/CorePhoneNumbers.framework/Versions/A/CorePhoneNumbers
0x00007fff4c66a000 	/System/Library/PrivateFrameworks/AppleIDAuthSupport.framework/Versions/A/AppleIDAuthSupport
0x00007fff3f997000 	/System/Library/Frameworks/Network.framework/Versions/A/Network
0x00007fff5dd18000 	/System/Library/PrivateFrameworks/KeychainCircle.framework/Versions/A/KeychainCircle
0x00007fff38d5b000 	/System/Library/Frameworks/CoreBluetooth.framework/Versions/A/CoreBluetooth
0x00007fff67f7a000 	/System/Library/PrivateFrameworks/SpeechRecognitionCore.framework/Versions/A/SpeechRecognitionCore
0x000000010aa00000 	/Library/Java/JavaVirtualMachines/jdk-13.0.1.jdk/Contents/Home/lib/server/libjvm.dylib
0x000000010a073000 	/Library/Java/JavaVirtualMachines/jdk-13.0.1.jdk/Contents/Home/lib/libverify.dylib
0x000000010a07f000 	/Library/Java/JavaVirtualMachines/jdk-13.0.1.jdk/Contents/Home/lib/libjava.dylib
0x000000010a0bd000 	/Library/Java/JavaVirtualMachines/jdk-13.0.1.jdk/Contents/Home/lib/libinstrument.dylib
0x000000010a140000 	/Library/Java/JavaVirtualMachines/jdk-13.0.1.jdk/Contents/Home/lib/libzip.dylib
0x000000010a147000 	/Library/Java/JavaVirtualMachines/jdk-13.0.1.jdk/Contents/Home/lib/libjimage.dylib
0x000000012c8bc000 	/Library/Java/JavaVirtualMachines/jdk-13.0.1.jdk/Contents/Home/lib/libnio.dylib
0x000000012c8ca000 	/Library/Java/JavaVirtualMachines/jdk-13.0.1.jdk/Contents/Home/lib/libnet.dylib
0x000000010a1f8000 	/Library/Java/JavaVirtualMachines/jdk-13.0.1.jdk/Contents/Home/lib/libextnet.dylib
0x000000012c965000 	/Library/Java/JavaVirtualMachines/jdk-13.0.1.jdk/Contents/Home/lib/libawt.dylib
0x000000012c9fb000 	/Library/Java/JavaVirtualMachines/jdk-13.0.1.jdk/Contents/Home/lib/libmlib_image.dylib
0x00007fff3dadd000 	/System/Library/Frameworks/JavaVM.framework/Versions/A/Frameworks/JavaNativeFoundation.framework/Versions/A/JavaNativeFoundation
0x00007fff3dae6000 	/System/Library/Frameworks/JavaVM.framework/Versions/A/Frameworks/JavaRuntimeSupport.framework/Versions/A/JavaRuntimeSupport
0x00007fff3daef000 	/System/Library/Frameworks/JavaVM.framework/Versions/A/JavaVM
0x00007fff5db7b000 	/System/Library/PrivateFrameworks/JavaLaunching.framework/Versions/A/JavaLaunching
0x00007fff37e31000 	/System/Library/Frameworks/Carbon.framework/Versions/A/Carbon
0x00007fff522a4000 	/System/Library/PrivateFrameworks/CoreSymbolication.framework/Versions/A/CoreSymbolication
0x00007fff37e32000 	/System/Library/Frameworks/Carbon.framework/Versions/A/Frameworks/CommonPanels.framework/Versions/A/CommonPanels
0x00007fff3812b000 	/System/Library/Frameworks/Carbon.framework/Versions/A/Frameworks/Help.framework/Versions/A/Help
0x00007fff3812f000 	/System/Library/Frameworks/Carbon.framework/Versions/A/Frameworks/ImageCapture.framework/Versions/A/ImageCapture
0x00007fff38136000 	/System/Library/Frameworks/Carbon.framework/Versions/A/Frameworks/OpenScripting.framework/Versions/A/OpenScripting
0x00007fff38135000 	/System/Library/Frameworks/Carbon.framework/Versions/A/Frameworks/Ink.framework/Versions/A/Ink
0x00007fff38171000 	/System/Library/Frameworks/Carbon.framework/Versions/A/Frameworks/Print.framework/Versions/A/Print
0x00007fff38172000 	/System/Library/Frameworks/Carbon.framework/Versions/A/Frameworks/SecurityHI.framework/Versions/A/SecurityHI
0x00007fff52b87000 	/System/Library/PrivateFrameworks/DebugSymbols.framework/Versions/A/DebugSymbols
0x000000012ca61000 	/Library/Java/JavaVirtualMachines/jdk-13.0.1.jdk/Contents/Home/lib/libawt_lwawt.dylib
0x000000012cb0b000 	/Library/Java/JavaVirtualMachines/jdk-13.0.1.jdk/Contents/Home/lib/libosxapp.dylib
0x00007fff3b7e4000 	/System/Library/Frameworks/ExceptionHandling.framework/Versions/A/ExceptionHandling
0x000000012cb26000 	/Library/Java/JavaVirtualMachines/jdk-13.0.1.jdk/Contents/Home/lib/libfontmanager.dylib
0x000000012cc24000 	/Library/Java/JavaVirtualMachines/jdk-13.0.1.jdk/Contents/Home/lib/libfreetype.dylib
0x00007fff51d41000 	/System/Library/PrivateFrameworks/CoreServicesInternal.framework/Versions/A/CoreServicesInternal
0x00007fff3b803000 	/System/Library/Frameworks/FileProvider.framework/Versions/A/FileProvider
0x00007fff3630a000 	/System/Library/Frameworks/Accounts.framework/Versions/A/Accounts
0x00007fff5a044000 	/System/Library/PrivateFrameworks/GenerationalStorage.framework/Versions/A/GenerationalStorage
0x00007fff687ab000 	/System/Library/PrivateFrameworks/SymptomDiagnosticReporter.framework/Versions/A/SymptomDiagnosticReporter
0x00007fff4befb000 	/System/Library/PrivateFrameworks/AppContainer.framework/Versions/A/AppContainer
0x00007fff6f538000 	/usr/lib/libsandbox.1.dylib
0x00007fff6acd3000 	/System/Library/PrivateFrameworks/UserManagement.framework/Versions/A/UserManagement
0x00007fff4eaee000 	/System/Library/PrivateFrameworks/ChunkingLibrary.framework/Versions/A/ChunkingLibrary
0x00007fff4bf6d000 	/System/Library/PrivateFrameworks/AppSandbox.framework/Versions/A/AppSandbox
0x00007fff66197000 	/System/Library/PrivateFrameworks/SecCodeWrapper.framework/Versions/A/SecCodeWrapper
0x00007fff6d421000 	/usr/lib/libMatch.1.dylib
0x00007fff2d95c000 	/System/Library/CoreServices/RawCamera.bundle/Contents/MacOS/RawCamera
0x00007fff5f477000 	/System/Library/PrivateFrameworks/MobileAsset.framework/Versions/A/MobileAsset
0x00007fff68659000 	/System/Library/PrivateFrameworks/StreamingZip.framework/Versions/A/StreamingZip
0x00007fff3df70000 	/System/Library/Frameworks/MediaToolbox.framework/Versions/A/MediaToolbox
0x00007fff504d1000 	/System/Library/PrivateFrameworks/CoreAVCHD.framework/Versions/A/CoreAVCHD
0x00007fff3de9a000 	/System/Library/Frameworks/MediaAccessibility.framework/Versions/A/MediaAccessibility
0x00007fff5e849000 	/System/Library/PrivateFrameworks/Mangrove.framework/Versions/A/Mangrove
0x00007fff3a4a7000 	/System/Library/Frameworks/CoreMedia.framework/Versions/A/CoreMedia
0x00007fff5eaae000 	/System/Library/PrivateFrameworks/MediaExperience.framework/Versions/A/MediaExperience
0x00007fff46d6a000 	/System/Library/Frameworks/VideoToolbox.framework/Versions/A/VideoToolbox
0x00007fff500fb000 	/System/Library/PrivateFrameworks/CoreAUC.framework/Versions/A/CoreAUC
0x00007fff6f590000 	/usr/lib/libspindump.dylib
0x00007fff4d1a7000 	/System/Library/PrivateFrameworks/AudioResourceArbitration.framework/Versions/A/AudioResourceArbitration
0x00007fff4cbc3000 	/System/Library/PrivateFrameworks/AppleVA.framework/Versions/A/AppleVA
0x00007fff35050000 	/System/Library/Frameworks/Accelerate.framework/Versions/A/Frameworks/vImage.framework/Versions/A/Libraries/libCGInterfaces.dylib
0x000000012ebc8000 	/usr/lib/libobjc-trampolines.dylib
0x00007fff5510e000 	/System/Library/PrivateFrameworks/FontServices.framework/libTrueTypeScaler.dylib
0x00007fff31f9e000 	/System/Library/Extensions/AppleIntelKBLGraphicsMTLDriver.bundle/Contents/MacOS/AppleIntelKBLGraphicsMTLDriver
0x00007fff5867b000 	/System/Library/PrivateFrameworks/GPUCompiler.framework/Versions/3902/Libraries/libmetal_timestamp.dylib
0x00007fff6baa5000 	/System/Library/PrivateFrameworks/ViewBridge.framework/Versions/A/ViewBridge
0x000000012fbb5000 	/Users/romain/IdeaProjects/Coding/Jeu d'echec/lib/liblwjgl.jnilib
0x000000012ed35000 	/Library/Java/JavaVirtualMachines/jdk-13.0.1.jdk/Contents/Home/lib/libjawt.dylib
0x00007fff43b46000 	/System/Library/Frameworks/OpenGL.framework/Versions/A/Resources/GLEngine.bundle/GLEngine
0x00007fff42f37000 	/System/Library/Frameworks/OpenGL.framework/Versions/A/Libraries/libGLProgrammability.dylib
0x00007fff31175000 	/System/Library/Extensions/AppleIntelKBLGraphicsGLDriver.bundle/Contents/MacOS/AppleIntelKBLGraphicsGLDriver
0x00007fff59d17000 	/System/Library/PrivateFrameworks/GPUSupport.framework/Versions/A/Libraries/libGPUSupportMercury.dylib
0x00007fff43cc0000 	/System/Library/Frameworks/OpenGL.framework/Versions/A/Resources/GLRendererFloat.bundle/GLRendererFloat
0x00007fff424fa000 	/System/Library/Frameworks/OpenCL.framework/Versions/A/Libraries/libcldcpuengine.dylib
0x00007fff6ddd7000 	/usr/lib/libcrypto.35.dylib
0x00007fff691af000 	/System/Library/PrivateFrameworks/TrustEvaluationAgent.framework/Versions/A/TrustEvaluationAgent
0x00007fff6ccd9000 	/System/Library/PrivateFrameworks/login.framework/Versions/A/login


VM Arguments:
jvm_args: -Djava.library.path=lib -javaagent:/Applications/IntelliJ IDEA.app/Contents/lib/idea_rt.jar=58843:/Applications/IntelliJ IDEA.app/Contents/bin -Dfile.encoding=UTF-8 
java_command: fr.rphstudio.chess.launcher.MainLauncher
java_class_path (initial): /Users/romain/IdeaProjects/Coding/Jeu d'chec/target/classes:/Users/romain/.m2/repository/org/slick2d/slick2d-core/1.0.0/slick2d-core-1.0.0.jar:/Users/romain/.m2/repository/org/lwjgl/lwjgl/lwjgl/2.9.0/lwjgl-2.9.0.jar:/Users/romain/.m2/repository/org/lwjgl/lwjgl/lwjgl-platform/2.9.0/lwjgl-platform-2.9.0-natives-windows.jar:/Users/romain/.m2/repository/org/lwjgl/lwjgl/lwjgl-platform/2.9.0/lwjgl-platform-2.9.0-natives-linux.jar:/Users/romain/.m2/repository/org/lwjgl/lwjgl/lwjgl-platform/2.9.0/lwjgl-platform-2.9.0-natives-osx.jar:/Users/romain/.m2/repository/net/java/jinput/jinput/2.0.5/jinput-2.0.5.jar:/Users/romain/.m2/repository/net/java/jutils/jutils/1.0.0/jutils-1.0.0.jar:/Users/romain/.m2/repository/net/java/jinput/jinput-platform/2.0.5/jinput-platform-2.0.5-natives-linux.jar:/Users/romain/.m2/repository/net/java/jinput/jinput-platform/2.0.5/jinput-platform-2.0.5-natives-windows.jar:/Users/romain/.m2/repository/net/java/jinput/jinput-platform/2.0.5/jinput-platform-2.0.5-natives-osx.jar:/Users/romain/.m2/repository/org/jcraft/jorbis/0.0.17/jorbis-0.0.17.jar:/Users/romain/.m2/repository/org/dyn4j/dyn4j/3.2.3/dyn4j-3.2.3.jar
Launcher Type: SUN_STANDARD

[Global flags]
     intx CICompilerCount                          = 3                                         {product} {ergonomic}
     uint ConcGCThreads                            = 1                                         {product} {ergonomic}
     uint G1ConcRefinementThreads                  = 4                                         {product} {ergonomic}
   size_t G1HeapRegionSize                         = 1048576                                   {product} {ergonomic}
    uintx GCDrainStackTargetSize                   = 64                                        {product} {ergonomic}
   size_t InitialHeapSize                          = 134217728                                 {product} {ergonomic}
   size_t MarkStackSize                            = 4194304                                   {product} {ergonomic}
   size_t MaxHeapSize                              = 2147483648                                {product} {ergonomic}
   size_t MaxNewSize                               = 1287651328                                {product} {ergonomic}
   size_t MinHeapDeltaBytes                        = 1048576                                   {product} {ergonomic}
   size_t MinHeapSize                              = 8388608                                   {product} {ergonomic}
    uintx NonNMethodCodeHeapSize                   = 5830732                                {pd product} {ergonomic}
    uintx NonProfiledCodeHeapSize                  = 122913754                              {pd product} {ergonomic}
    uintx ProfiledCodeHeapSize                     = 122913754                              {pd product} {ergonomic}
    uintx ReservedCodeCacheSize                    = 251658240                              {pd product} {ergonomic}
     bool SegmentedCodeCache                       = true                                      {product} {ergonomic}
   size_t SoftMaxHeapSize                          = 2147483648                             {manageable} {ergonomic}
     bool UseCompressedClassPointers               = true                                 {lp64_product} {ergonomic}
     bool UseCompressedOops                        = true                                 {lp64_product} {ergonomic}
     bool UseG1GC                                  = true                                      {product} {ergonomic}

Logging:
Log output configuration:
 #0: stdout all=warning uptime,level,tags
 #1: stderr all=off uptime,level,tags

Environment Variables:
PATH=/usr/local/bin:/usr/bin:/bin:/usr/sbin:/sbin
SHELL=/bin/zsh

Signal Handlers:
SIGSEGV: [libjvm.dylib+0x781570], sa_mask[0]=11111111011111110111111111111111, sa_flags=SA_ONSTACK|SA_RESTART|SA_SIGINFO
SIGBUS: [libjvm.dylib+0x781570], sa_mask[0]=11111111011111110111111111111111, sa_flags=SA_RESTART|SA_SIGINFO
SIGFPE: [libjvm.dylib+0x781570], sa_mask[0]=11111111011111110111111111111111, sa_flags=SA_RESTART|SA_SIGINFO
SIGPIPE: [libjvm.dylib+0x627f75], sa_mask[0]=11111111011111110111111111111111, sa_flags=SA_RESTART|SA_SIGINFO
SIGXFSZ: [libjvm.dylib+0x627f75], sa_mask[0]=11111111011111110111111111111111, sa_flags=SA_RESTART|SA_SIGINFO
SIGILL: [libjvm.dylib+0x781570], sa_mask[0]=11111111011111110111111111111111, sa_flags=SA_RESTART|SA_SIGINFO
SIGUSR2: [libjvm.dylib+0x62855f], sa_mask[0]=00100000000000000000000000000000, sa_flags=SA_RESTART|SA_SIGINFO
SIGHUP: [libjvm.dylib+0x62754d], sa_mask[0]=11111111011111110111111111111111, sa_flags=SA_RESTART|SA_SIGINFO
SIGINT: [libjvm.dylib+0x62754d], sa_mask[0]=11111111011111110111111111111111, sa_flags=SA_RESTART|SA_SIGINFO
SIGTERM: [libjvm.dylib+0x62754d], sa_mask[0]=11111111011111110111111111111111, sa_flags=SA_RESTART|SA_SIGINFO
SIGQUIT: [libjvm.dylib+0x62754d], sa_mask[0]=11111111011111110111111111111111, sa_flags=SA_RESTART|SA_SIGINFO


---------------  S Y S T E M  ---------------

OS:uname:Darwin 19.0.0 Darwin Kernel Version 19.0.0: Thu Oct 17 16:17:15 PDT 2019; root:xnu-6153.41.3~29/RELEASE_X86_64 x86_64
rlimit: STACK 8192k, CORE 0k, NPROC 1392, NOFILE 10240, AS infinity, DATA infinity, FSIZE infinity
load average:2.66 3.34 3.17

CPU:total 4 (initial active 4) (2 cores per cpu, 2 threads per core) family 6 model 142 stepping 9, cmov, cx8, fxsr, mmx, sse, sse2, sse3, ssse3, sse4.1, sse4.2, popcnt, avx, avx2, aes, clmul, erms, rtm, 3dnowpref, lzcnt, ht, tsc, tscinvbit, bmi1, bmi2, adx, fma

Memory: 4k page, physical 8388608k(323716k free), swap 3145728k(775168k free)

vm_info: Java HotSpot(TM) 64-Bit Server VM (13.0.1+9) for bsd-amd64 JRE (13.0.1+9), built on Oct  6 2019 11:43:59 by "mach5one" with clang 4.2.1 Compatible Apple LLVM 10.0.0 (clang-1000.11.45.5)

END.
